# JRE version: OpenJDK Runtime Environment (21.0.8) (build 21.0.8+-14196175-b1038.72)
# Java VM: OpenJDK 64-Bit Server VM (21.0.8+-14196175-b1038.72, mixed mode, tiered, compressed oops, compressed class ptrs, g1 gc, windows-amd64)
GC Precious Log:
 CardTable entry size: 512
 Card Set container configuration: InlinePtr #cards 5 size 8 Array Of Cards #cards 12 size 40 Howl #buckets 4 coarsen threshold 1843 Howl Bitmap #cards 512 size 80 coarsen threshold 460 Card regions per heap region 1 cards per card region 2048
 CPUs: 12 total, 12 available
 Memory: 7913M
 Large Page Support: Disabled
 NUMA Support: Disabled
 Compressed Oops: Enabled (32-bit)
 Heap Region Size: 1M
 Heap Min Capacity: 256M
 Heap Initial Capacity: 256M
 Heap Max Capacity: 512M
 Pre-touch: Disabled
 Parallel Workers: 10
 Concurrent Workers: 3
 Concurrent Refinement Workers: 10
 Periodic GC: Disabled
Heap:
 garbage-first heap   total 262144K, used 42882K [0x00000000e0000000, 0x0000000100000000)
  region size 1024K, 28 young (28672K), 19 survivors (19456K)
 Metaspace       used 53759K, committed 55296K, reserved 393216K
  class space    used 7535K, committed 8256K, reserved 327680K
GC Heap History (10 events):
Event: 0.457 GC heap before
{Heap before GC invocations=0 (full 0):
 garbage-first heap   total 262144K, used 26624K [0x00000000e0000000, 0x0000000100000000)
  region size 1024K, 23 young (23552K), 0 survivors (0K)
 Metaspace       used 10869K, committed 11072K, reserved 393216K
  class space    used 1139K, committed 1216K, reserved 327680K
}
Event: 0.461 GC heap after
{Heap after GC invocations=1 (full 0):
 garbage-first heap   total 262144K, used 10863K [0x00000000e0000000, 0x0000000100000000)
  region size 1024K, 3 young (3072K), 3 survivors (3072K)
 Metaspace       used 10869K, committed 11072K, reserved 393216K
  class space    used 1139K, committed 1216K, reserved 327680K
}
Event: 7.768 GC heap before
{Heap before GC invocations=1 (full 0):
 garbage-first heap   total 262144K, used 40559K [0x00000000e0000000, 0x0000000100000000)
  region size 1024K, 30 young (30720K), 3 survivors (3072K)
 Metaspace       used 12609K, committed 12800K, reserved 393216K
  class space    used 1387K, committed 1472K, reserved 327680K
}
Event: 7.772 GC heap after
{Heap after GC invocations=2 (full 0):
 garbage-first heap   total 262144K, used 15640K [0x00000000e0000000, 0x0000000100000000)
  region size 1024K, 4 young (4096K), 4 survivors (4096K)
 Metaspace       used 12609K, committed 12800K, reserved 393216K
  class space    used 1387K, committed 1472K, reserved 327680K
}
Event: 9.330 GC heap before
{Heap before GC invocations=2 (full 0):
 garbage-first heap   total 262144K, used 61720K [0x00000000e0000000, 0x0000000100000000)
  region size 1024K, 50 young (51200K), 4 survivors (4096K)
 Metaspace       used 21238K, committed 21504K, reserved 393216K
  class space    used 2496K, committed 2624K, reserved 327680K
}
Event: 9.335 GC heap after
{Heap after GC invocations=3 (full 0):
 garbage-first heap   total 262144K, used 20228K [0x00000000e0000000, 0x0000000100000000)
  region size 1024K, 9 young (9216K), 9 survivors (9216K)
 Metaspace       used 21238K, committed 21504K, reserved 393216K
  class space    used 2496K, committed 2624K, reserved 327680K
}
Event: 10.628 GC heap before
{Heap before GC invocations=4 (full 0):
 garbage-first heap   total 262144K, used 105220K [0x00000000e0000000, 0x0000000100000000)
  region size 1024K, 92 young (94208K), 9 survivors (9216K)
 Metaspace       used 35195K, committed 35968K, reserved 393216K
  class space    used 4605K, committed 4992K, reserved 327680K
}
Event: 10.635 GC heap after
{Heap after GC invocations=5 (full 0):
 garbage-first heap   total 262144K, used 25866K [0x00000000e0000000, 0x0000000100000000)
  region size 1024K, 10 young (10240K), 10 survivors (10240K)
 Metaspace       used 35195K, committed 35968K, reserved 393216K
  class space    used 4605K, committed 4992K, reserved 327680K
}
Event: 12.430 GC heap before
{Heap before GC invocations=6 (full 0):
 garbage-first heap   total 262144K, used 171274K [0x00000000e0000000, 0x0000000100000000)
  region size 1024K, 153 young (156672K), 10 survivors (10240K)
 Metaspace       used 52991K, committed 54528K, reserved 393216K
  class space    used 7394K, committed 8128K, reserved 327680K
}
Event: 12.441 GC heap after
{Heap after GC invocations=7 (full 0):
 garbage-first heap   total 262144K, used 34690K [0x00000000e0000000, 0x0000000100000000)
  region size 1024K, 19 young (19456K), 19 survivors (19456K)
 Metaspace       used 52991K, committed 54528K, reserved 393216K
  class space    used 7394K, committed 8128K, reserved 327680K
}

